2015-08-17 14:03:28,451 - rlc_deploy - INFO - https://raw.githubusercontent.com/RealLifeChurch/macscripts/master/deploy_scripts/test.plist
2015-08-17 14:03:28,491 - rlc_deploy - INFO - Network connection is active. 
2015-08-17 14:03:28,753 - rlc_deploy - INFO - Downloading and Running:
2015-08-17 14:03:28,753 - rlc_deploy - INFO - ----------------------------------------------------------------
2015-08-17 14:03:28,753 - rlc_deploy - INFO - test.py
2015-08-17 14:03:28,753 - rlc_deploy - INFO - ------
2015-08-17 14:03:29,004 - rlc_deploy - INFO - ----------------------------------------------------------------
2015-08-17 14:03:29,004 - rlc_deploy - INFO - Number Of Scripts: 1
2015-08-17 14:03:32,410 - rlc_deploy - INFO - https://raw.githubusercontent.com/RealLifeChurch/macscripts/master/deploy_scripts/test.plist
2015-08-17 14:03:32,466 - rlc_deploy - INFO - Network connection is active. 
2015-08-17 14:03:32,666 - rlc_deploy - INFO - Downloading and Running:
2015-08-17 14:03:32,667 - rlc_deploy - INFO - ----------------------------------------------------------------
2015-08-17 14:03:32,667 - rlc_deploy - INFO - test.py
2015-08-17 14:03:32,667 - rlc_deploy - INFO - ------
2015-08-17 14:03:33,882 - rlc_deploy - INFO - ----------------------------------------------------------------
2015-08-17 14:03:33,882 - rlc_deploy - INFO - Number Of Scripts: 1
2015-08-17 14:03:57,055 - rlc_deploy - INFO - https://raw.githubusercontent.com/RealLifeChurch/macscripts/master/deploy_scripts/test.plist
2015-08-17 14:03:57,085 - rlc_deploy - INFO - Network connection is active. 
2015-08-17 14:03:57,407 - rlc_deploy - INFO - Downloading and Running:
2015-08-17 14:03:57,407 - rlc_deploy - INFO - ----------------------------------------------------------------
2015-08-17 14:03:57,407 - rlc_deploy - INFO - test.py
2015-08-17 14:03:57,407 - rlc_deploy - INFO - ------
2015-08-17 14:03:57,733 - rlc_deploy - INFO - ----------------------------------------------------------------
2015-08-17 14:03:57,734 - rlc_deploy - INFO - Number Of Scripts: 1
2015-08-17 14:04:12,218 - rlc_deploy - INFO - https://raw.githubusercontent.com/RealLifeChurch/macscripts/master/deploy_scripts/test.plist
2015-08-17 14:04:12,246 - rlc_deploy - INFO - Network connection is active. 
2015-08-17 14:04:12,531 - rlc_deploy - INFO - Downloading and Running:
2015-08-17 14:04:12,531 - rlc_deploy - INFO - ----------------------------------------------------------------
2015-08-17 14:04:12,531 - rlc_deploy - INFO - test.py
2015-08-17 14:04:12,531 - rlc_deploy - INFO - ------
2015-08-17 14:04:12,829 - rlc_deploy - INFO - ----------------------------------------------------------------
2015-08-17 14:04:12,829 - rlc_deploy - INFO - Number Of Scripts: 1
2015-08-17 14:04:43,240 - rlc_deploy - INFO - https://raw.githubusercontent.com/RealLifeChurch/macscripts/master/deploy_scripts/test.plist
2015-08-17 14:04:43,267 - rlc_deploy - INFO - Network connection is active. 
2015-08-17 14:04:43,579 - rlc_deploy - INFO - Downloading and Running:
2015-08-17 14:04:43,579 - rlc_deploy - INFO - ----------------------------------------------------------------
2015-08-17 14:04:43,579 - rlc_deploy - INFO - test.py
2015-08-17 14:04:43,579 - rlc_deploy - INFO - ------
2015-08-17 14:04:43,879 - rlc_deploy - INFO - ----------------------------------------------------------------
2015-08-17 14:04:43,880 - rlc_deploy - INFO - Number Of Scripts: 1
2015-08-17 14:05:27,085 - rlc_deploy - INFO - https://raw.githubusercontent.com/RealLifeChurch/macscripts/master/deploy_scripts/test.plist
2015-08-17 14:05:27,112 - rlc_deploy - INFO - Network connection is active. 
2015-08-17 14:06:04,632 - rlc_deploy - INFO - https://raw.githubusercontent.com/RealLifeChurch/macscripts/master/deploy_scripts/test.plist
2015-08-17 14:06:04,660 - rlc_deploy - INFO - Network connection is active. 
2015-08-17 14:06:04,957 - rlc_deploy - INFO - Downloading and Running:
2015-08-17 14:06:04,957 - rlc_deploy - INFO - ----------------------------------------------------------------
2015-08-17 14:06:04,957 - rlc_deploy - INFO - test.py
2015-08-17 14:06:04,957 - rlc_deploy - INFO - ------
2015-08-17 14:06:05,176 - rlc_deploy - INFO - ----------------------------------------------------------------
2015-08-17 14:06:05,176 - rlc_deploy - INFO - Number Of Scripts: 1
2015-08-17 14:07:57,555 - rlc_deploy - INFO - https://raw.githubusercontent.com/RealLifeChurch/macscripts/master/deploy_scripts/test.plist
2015-08-17 14:07:57,578 - rlc_deploy - INFO - Network connection is active. 
2015-08-17 14:07:57,900 - rlc_deploy - INFO - Downloading and Running:
2015-08-17 14:07:57,900 - rlc_deploy - INFO - ----------------------------------------------------------------
2015-08-17 14:07:57,900 - rlc_deploy - INFO - test.py
2015-08-17 14:07:57,900 - rlc_deploy - INFO - ------
2015-08-17 14:07:58,231 - rlc_deploy - INFO - ----------------------------------------------------------------
2015-08-17 14:07:58,231 - rlc_deploy - INFO - Number Of Scripts: 1
